<?xml version="1.0" encoding="UTF-8"?>
<testng-results ignored="0" total="2" passed="2" failed="0" skipped="0">
  <reporter-output>
  </reporter-output>
  <suite started-at="2021-11-03T19:56:31 IST" name="Default suite" finished-at="2021-11-03T19:58:00 IST" duration-ms="89261">
    <groups>
    </groups>
    <test started-at="2021-11-03T19:56:31 IST" name="Default test" finished-at="2021-11-03T19:58:00 IST" duration-ms="89261">
      <class name="AmazonApp.SearchEarPhones">
        <test-method is-config="true" signature="beforeClass()[pri:0, instance:AmazonApp.SearchEarPhones@47faa49c]" started-at="2021-11-03T19:56:31 IST" name="beforeClass" finished-at="2021-11-03T19:56:54 IST" duration-ms="22986" status="PASS">
          <reporter-output>
          </reporter-output>
        </test-method> <!-- beforeClass -->
        <test-method signature="SearchEarPhonesWithMic()[pri:0, instance:AmazonApp.SearchEarPhones@47faa49c]" started-at="2021-11-03T19:56:54 IST" name="SearchEarPhonesWithMic" finished-at="2021-11-03T19:57:13 IST" duration-ms="18745" status="PASS">
          <reporter-output>
          </reporter-output>
        </test-method> <!-- SearchEarPhonesWithMic -->
        <test-method signature="listSearchResult()[pri:0, instance:AmazonApp.SearchEarPhones@47faa49c]" started-at="2021-11-03T19:57:13 IST" name="listSearchResult" finished-at="2021-11-03T19:57:59 IST" duration-ms="46169" status="PASS">
          <reporter-output>
          </reporter-output>
        </test-method> <!-- listSearchResult -->
        <test-method is-config="true" signature="tearDown()[pri:0, instance:AmazonApp.SearchEarPhones@47faa49c]" started-at="2021-11-03T19:57:59 IST" name="tearDown" finished-at="2021-11-03T19:58:00 IST" duration-ms="1215" status="PASS">
          <reporter-output>
          </reporter-output>
        </test-method> <!-- tearDown -->
      </class> <!-- AmazonApp.SearchEarPhones -->
    </test> <!-- Default test -->
  </suite> <!-- Default suite -->
</testng-results>
